2025-08-25 22:10:35,384 - WARNING - This optimizer uses a single data sample ('1jmf') for all tests. For best results, ensure this sample is representative of your dataset.
2025-08-25 22:10:35,385 - INFO - --- Preparing Real-World Test Case: '1jmf' ---
2025-08-25 22:10:35,386 - INFO - Temporarily setting max_atoms to 10200 to process 1jmf...
2025-08-25 22:10:35,923 - INFO - --- Successfully processed 1jmf. Atom count: 10213 ---
2025-08-25 22:10:35,927 - INFO - Detected GPU: NVIDIA GeForce RTX 5060 Ti with 15.93 GB VRAM.
2025-08-25 22:10:35,927 - INFO - --- Dataset size: 19500 (small (<25000)). Capping model parameters at ~1000k to prevent overfitting. ---
2025-08-25 22:10:35,927 - INFO - ================ Optimizing for: PRODUCTION ================
2025-08-25 22:10:35,928 - INFO - Generating dedicated search space for 'production' mode...
2025-08-25 22:10:35,928 - INFO - --- Using 'Standard architecture for high VRAM GPUs (>12GB)' ---
2025-08-25 22:10:35,928 - INFO - --- Applying VRAM scaling factor of 1.1 (based on 15.93 GB) ---
2025-08-25 22:10:35,928 - INFO - Search space: Layers=[8, 7, 6, 5, 4, 3], Channels=[280, 208, 136, 104, 64]
2025-08-25 22:10:35,929 - INFO - Starting BS: 17, Stress Iterations: 20
2025-08-25 22:10:35,929 - INFO - --- Strategy: Two-stage optimization for 'production' mode. ---
2025-08-25 22:10:35,929 - INFO - [1/2] Searching for the highest-quality model architecture...
2025-08-25 22:10:35,929 - INFO - > Probing Arch 1/30 (L=8, C=280)...
2025-08-25 22:10:36,462 - INFO - SKIPPED (too complex: 10494k > 1000k cap)
2025-08-25 22:10:36,463 - INFO - > Probing Arch 2/30 (L=8, C=208)...
2025-08-25 22:10:36,644 - INFO - SKIPPED (too complex: 5815k > 1000k cap)
2025-08-25 22:10:36,644 - INFO - > Probing Arch 3/30 (L=8, C=136)...
2025-08-25 22:10:36,740 - INFO - SKIPPED (too complex: 2507k > 1000k cap)
2025-08-25 22:10:36,740 - INFO - > Probing Arch 4/30 (L=8, C=104)...
2025-08-25 22:10:36,813 - INFO - SKIPPED (too complex: 1477k > 1000k cap)
2025-08-25 22:10:36,813 - INFO - > Probing Arch 5/30 (L=8, C=64)...
2025-08-25 22:23:52,050 - INFO - --- Probing: batch_size=1  , layers=8, channels=64  for 5 iterations... SUCCESS                              
2025-08-25 22:23:56,468 - INFO - FOUND! (Model has 571k params and fits VRAM)
2025-08-25 22:23:56,468 - INFO - [2/2] Architecture selected. Now finding max batch size...
2025-08-25 22:24:16,213 - WARNING - 	--- Probing: batch_size=17 , layers=8, channels=64  for 5 iterations... FAILED (OOM)                              
2025-08-25 22:24:44,339 - WARNING - 	--- Probing: batch_size=8  , layers=8, channels=64  for 20 iterations... FAILED (OOM)                              
2025-08-25 22:25:27,635 - WARNING - 	--- Probing: batch_size=4  , layers=8, channels=64  for 20 iterations... FAILED (OOM)                              
2025-08-25 22:26:11,096 - WARNING - 	--- Probing: batch_size=2  , layers=8, channels=64  for 20 iterations... FAILED (OOM)                              
2025-08-25 22:46:06,694 - INFO - 	--- Probing: batch_size=1  , layers=8, channels=64  for 20 iterations... SUCCESS                              
2025-08-25 22:46:11,246 - INFO - >>> Found optimal configuration for 'production'!
2025-08-25 22:46:11,247 - INFO - {
2025-08-25 22:46:11,247 - INFO -     "visnet_hidden_channels": 64,
2025-08-25 22:46:11,247 - INFO -     "visnet_num_layers": 8,
2025-08-25 22:46:11,247 - INFO -     "batch_size": 1
2025-08-25 22:46:11,248 - INFO - }
2025-08-25 22:46:11,248 - INFO - ================ Optimizing for: VALIDATION ================
2025-08-25 22:46:11,248 - INFO - Generating dedicated search space for 'validation' mode...
2025-08-25 22:46:11,248 - INFO - --- Using 'Standard architecture for high VRAM GPUs (>12GB)' ---
2025-08-25 22:46:11,249 - INFO - --- Applying VRAM scaling factor of 1.1 (based on 15.93 GB) ---
2025-08-25 22:46:11,249 - INFO - Search space: Layers=[6, 5, 4, 3], Channels=[136, 104, 64]
2025-08-25 22:46:11,249 - INFO - Starting BS: 35, Stress Iterations: 29
2025-08-25 22:46:11,249 - INFO - --- Strategy: Bayesian Optimization to find most EFFICIENT config in 'sweet spot' (60-240 mins) for 'validation' mode. ---
2025-08-25 22:46:11,252 - INFO - --- Bayesian Probe: Trying Model Architecture (L=5, C=104) ---
